<?xml version="1.0" encoding="UTF-8"?>
<coverage generated="1775571238487" clover="3.2.0">
  <project timestamp="1775571238487" name="All files">
    <metrics statements="53" coveredstatements="53" conditionals="8" coveredconditionals="7" methods="26" coveredmethods="24" elements="87" coveredelements="84" complexity="0" loc="53" ncloc="53" packages="2" files="3" classes="3"/>
    <package name="src">
      <metrics statements="1" coveredstatements="1" conditionals="0" coveredconditionals="0" methods="0" coveredmethods="0"/>
      <file name="constants.ts" path="/Users/admin/Documents/GitHub/edgeflow/frontend/src/constants.ts">
        <metrics statements="1" coveredstatements="1" conditionals="0" coveredconditionals="0" methods="0" coveredmethods="0"/>
        <line num="4" count="1" type="stmt"/>
      </file>
    </package>
    <package name="src.hooks">
      <metrics statements="52" coveredstatements="52" conditionals="8" coveredconditionals="7" methods="26" coveredmethods="24"/>
      <file name="useEdgeAndNode.ts" path="/Users/admin/Documents/GitHub/edgeflow/frontend/src/hooks/useEdgeAndNode.ts">
        <metrics statements="21" coveredstatements="21" conditionals="4" coveredconditionals="3" methods="17" coveredmethods="15"/>
        <line num="18" count="21" type="stmt"/>
        <line num="19" count="21" type="stmt"/>
        <line num="20" count="21" type="stmt"/>
        <line num="22" count="1" type="stmt"/>
        <line num="27" count="21" type="stmt"/>
        <line num="28" count="4" type="stmt"/>
        <line num="31" count="21" type="stmt"/>
        <line num="33" count="3" type="stmt"/>
        <line num="34" count="3" type="stmt"/>
        <line num="39" count="21" type="stmt"/>
        <line num="41" count="3" type="cond" truecount="2" falsecount="0"/>
        <line num="42" count="1" type="stmt"/>
        <line num="44" count="3" type="stmt"/>
        <line num="49" count="21" type="stmt"/>
        <line num="51" count="7" type="stmt"/>
        <line num="55" count="21" type="stmt"/>
        <line num="57" count="1" type="stmt"/>
        <line num="58" count="1" type="stmt"/>
        <line num="59" count="1" type="stmt"/>
        <line num="60" count="1" type="cond" truecount="1" falsecount="1"/>
        <line num="66" count="21" type="stmt"/>
      </file>
      <file name="useSimulation.ts" path="/Users/admin/Documents/GitHub/edgeflow/frontend/src/hooks/useSimulation.ts">
        <metrics statements="31" coveredstatements="31" conditionals="4" coveredconditionals="4" methods="9" coveredmethods="9"/>
        <line num="10" count="22" type="stmt"/>
        <line num="11" count="22" type="stmt"/>
        <line num="12" count="22" type="stmt"/>
        <line num="13" count="22" type="stmt"/>
        <line num="15" count="22" type="stmt"/>
        <line num="16" count="10" type="stmt"/>
        <line num="19" count="22" type="stmt"/>
        <line num="20" count="9" type="cond" truecount="2" falsecount="0"/>
        <line num="22" count="8" type="stmt"/>
        <line num="23" count="8" type="stmt"/>
        <line num="24" count="8" type="stmt"/>
        <line num="26" count="8" type="stmt"/>
        <line num="27" count="8" type="stmt"/>
        <line num="33" count="8" type="cond" truecount="2" falsecount="0"/>
        <line num="35" count="7" type="stmt"/>
        <line num="36" count="7" type="stmt"/>
        <line num="40" count="7" type="stmt"/>
        <line num="42" count="7" type="stmt"/>
        <line num="43" count="2" type="stmt"/>
        <line num="46" count="7" type="stmt"/>
        <line num="47" count="1" type="stmt"/>
        <line num="48" count="1" type="stmt"/>
        <line num="49" count="1" type="stmt"/>
        <line num="52" count="7" type="stmt"/>
        <line num="53" count="1" type="stmt"/>
        <line num="54" count="1" type="stmt"/>
        <line num="55" count="1" type="stmt"/>
        <line num="58" count="1" type="stmt"/>
        <line num="59" count="1" type="stmt"/>
        <line num="63" count="22" type="stmt"/>
        <line num="65" count="22" type="stmt"/>
      </file>
    </package>
  </project>
</coverage>
