{"/Users/admin/Documents/GitHub/edgeflow/frontend/src/constants.ts": {"path":"/Users/admin/Documents/GitHub/edgeflow/frontend/src/constants.ts","statementMap":{"0":{"start":{"line":4,"column":31},"end":{"line":5,"column":null}}},"fnMap":{},"branchMap":{},"s":{"0":1},"f":{},"b":{},"meta":{"lastBranch":0,"lastFunction":0,"lastStatement":1,"seen":{"s:4:31:5:Infinity":0}}}
,"/Users/admin/Documents/GitHub/edgeflow/frontend/src/hooks/useEdgeAndNode.ts": {"path":"/Users/admin/Documents/GitHub/edgeflow/frontend/src/hooks/useEdgeAndNode.ts","statementMap":{"0":{"start":{"line":18,"column":8},"end":{"line":18,"column":46}},"1":{"start":{"line":19,"column":26},"end":{"line":19,"column":60}},"2":{"start":{"line":20,"column":8},"end":{"line":24,"column":null}},"3":{"start":{"line":22,"column":6},"end":{"line":22,"column":null}},"4":{"start":{"line":22,"column":24},"end":{"line":22,"column":59}},"5":{"start":{"line":22,"column":42},"end":{"line":22,"column":59}},"6":{"start":{"line":27,"column":8},"end":{"line":29,"column":8}},"7":{"start":{"line":28,"column":4},"end":{"line":28,"column":null}},"8":{"start":{"line":31,"column":8},"end":{"line":36,"column":null}},"9":{"start":{"line":33,"column":6},"end":{"line":33,"column":null}},"10":{"start":{"line":34,"column":6},"end":{"line":34,"column":null}},"11":{"start":{"line":34,"column":16},"end":{"line":34,"column":66}},"12":{"start":{"line":39,"column":8},"end":{"line":46,"column":null}},"13":{"start":{"line":41,"column":6},"end":{"line":42,"column":null}},"14":{"start":{"line":42,"column":8},"end":{"line":42,"column":null}},"15":{"start":{"line":42,"column":26},"end":{"line":42,"column":61}},"16":{"start":{"line":42,"column":44},"end":{"line":42,"column":61}},"17":{"start":{"line":44,"column":6},"end":{"line":44,"column":null}},"18":{"start":{"line":49,"column":8},"end":{"line":52,"column":null}},"19":{"start":{"line":51,"column":6},"end":{"line":51,"column":68}},"20":{"start":{"line":51,"column":16},"end":{"line":51,"column":67}},"21":{"start":{"line":55,"column":8},"end":{"line":63,"column":null}},"22":{"start":{"line":57,"column":6},"end":{"line":57,"column":null}},"23":{"start":{"line":58,"column":6},"end":{"line":58,"column":null}},"24":{"start":{"line":58,"column":24},"end":{"line":58,"column":59}},"25":{"start":{"line":58,"column":42},"end":{"line":58,"column":59}},"26":{"start":{"line":59,"column":6},"end":{"line":61,"column":null}},"27":{"start":{"line":60,"column":8},"end":{"line":60,"column":74}},"28":{"start":{"line":60,"column":27},"end":{"line":60,"column":74}},"29":{"start":{"line":66,"column":2},"end":{"line":76,"column":null}}},"fnMap":{"0":{"name":"useEdgeAndNode","decl":{"start":{"line":17,"column":24},"end":{"line":17,"column":39}},"loc":{"start":{"line":17,"column":60},"end":{"line":76,"column":null}},"line":17},"1":{"name":"(anonymous_1)","decl":{"start":{"line":20,"column":28},"end":{"line":20,"column":null}},"loc":{"start":{"line":21,"column":41},"end":{"line":24,"column":5}},"line":21},"2":{"name":"(anonymous_2)","decl":{"start":{"line":22,"column":6},"end":{"line":22,"column":16}},"loc":{"start":{"line":22,"column":24},"end":{"line":22,"column":59}},"line":22},"3":{"name":"(anonymous_3)","decl":{"start":{"line":22,"column":28},"end":{"line":22,"column":36}},"loc":{"start":{"line":22,"column":42},"end":{"line":22,"column":59}},"line":22},"4":{"name":"(anonymous_4)","decl":{"start":{"line":27,"column":27},"end":{"line":27,"column":45}},"loc":{"start":{"line":27,"column":45},"end":{"line":29,"column":7}},"line":27},"5":{"name":"(anonymous_5)","decl":{"start":{"line":31,"column":22},"end":{"line":31,"column":null}},"loc":{"start":{"line":32,"column":50},"end":{"line":36,"column":5}},"line":32},"6":{"name":"(anonymous_6)","decl":{"start":{"line":34,"column":6},"end":{"line":34,"column":16}},"loc":{"start":{"line":34,"column":16},"end":{"line":34,"column":66}},"line":34},"7":{"name":"(anonymous_7)","decl":{"start":{"line":39,"column":25},"end":{"line":39,"column":null}},"loc":{"start":{"line":40,"column":48},"end":{"line":46,"column":5}},"line":40},"8":{"name":"(anonymous_8)","decl":{"start":{"line":42,"column":8},"end":{"line":42,"column":18}},"loc":{"start":{"line":42,"column":26},"end":{"line":42,"column":61}},"line":42},"9":{"name":"(anonymous_9)","decl":{"start":{"line":42,"column":30},"end":{"line":42,"column":38}},"loc":{"start":{"line":42,"column":44},"end":{"line":42,"column":61}},"line":42},"10":{"name":"(anonymous_10)","decl":{"start":{"line":49,"column":20},"end":{"line":49,"column":null}},"loc":{"start":{"line":51,"column":6},"end":{"line":51,"column":68}},"line":51},"11":{"name":"(anonymous_11)","decl":{"start":{"line":51,"column":6},"end":{"line":51,"column":16}},"loc":{"start":{"line":51,"column":16},"end":{"line":51,"column":67}},"line":51},"12":{"name":"(anonymous_12)","decl":{"start":{"line":55,"column":28},"end":{"line":55,"column":null}},"loc":{"start":{"line":56,"column":41},"end":{"line":63,"column":5}},"line":56},"13":{"name":"(anonymous_13)","decl":{"start":{"line":58,"column":6},"end":{"line":58,"column":16}},"loc":{"start":{"line":58,"column":24},"end":{"line":58,"column":59}},"line":58},"14":{"name":"(anonymous_14)","decl":{"start":{"line":58,"column":28},"end":{"line":58,"column":36}},"loc":{"start":{"line":58,"column":42},"end":{"line":58,"column":59}},"line":58},"15":{"name":"(anonymous_15)","decl":{"start":{"line":59,"column":6},"end":{"line":59,"column":16}},"loc":{"start":{"line":60,"column":8},"end":{"line":60,"column":74}},"line":60},"16":{"name":"(anonymous_16)","decl":{"start":{"line":60,"column":12},"end":{"line":60,"column":20}},"loc":{"start":{"line":60,"column":27},"end":{"line":60,"column":74}},"line":60}},"branchMap":{"0":{"loc":{"start":{"line":41,"column":6},"end":{"line":42,"column":null}},"type":"if","locations":[{"start":{"line":41,"column":6},"end":{"line":42,"column":null}},{"start":{},"end":{}}],"line":41},"1":{"loc":{"start":{"line":60,"column":27},"end":{"line":60,"column":74}},"type":"binary-expr","locations":[{"start":{"line":60,"column":27},"end":{"line":60,"column":52}},{"start":{"line":60,"column":52},"end":{"line":60,"column":74}}],"line":60}},"s":{"0":21,"1":21,"2":21,"3":1,"4":1,"5":1,"6":21,"7":4,"8":21,"9":3,"10":3,"11":3,"12":21,"13":3,"14":1,"15":1,"16":1,"17":3,"18":21,"19":7,"20":7,"21":21,"22":1,"23":1,"24":0,"25":0,"26":1,"27":1,"28":1,"29":21},"f":{"0":21,"1":1,"2":1,"3":1,"4":4,"5":3,"6":3,"7":3,"8":1,"9":1,"10":7,"11":7,"12":1,"13":0,"14":0,"15":1,"16":1},"b":{"0":[1,2],"1":[1,0]},"meta":{"lastBranch":2,"lastFunction":17,"lastStatement":30,"seen":{"f:17:24:17:39":0,"s:18:8:18:46":0,"s:19:26:19:60":1,"s:20:8:24:Infinity":2,"f:20:28:20:Infinity":1,"s:22:6:22:Infinity":3,"f:22:6:22:16":2,"s:22:24:22:59":4,"f:22:28:22:36":3,"s:22:42:22:59":5,"s:27:8:29:8":6,"f:27:27:27:45":4,"s:28:4:28:Infinity":7,"s:31:8:36:Infinity":8,"f:31:22:31:Infinity":5,"s:33:6:33:Infinity":9,"s:34:6:34:Infinity":10,"f:34:6:34:16":6,"s:34:16:34:66":11,"s:39:8:46:Infinity":12,"f:39:25:39:Infinity":7,"b:41:6:42:Infinity:undefined:undefined:undefined:undefined":0,"s:41:6:42:Infinity":13,"s:42:8:42:Infinity":14,"f:42:8:42:18":8,"s:42:26:42:61":15,"f:42:30:42:38":9,"s:42:44:42:61":16,"s:44:6:44:Infinity":17,"s:49:8:52:Infinity":18,"f:49:20:49:Infinity":10,"s:51:6:51:68":19,"f:51:6:51:16":11,"s:51:16:51:67":20,"s:55:8:63:Infinity":21,"f:55:28:55:Infinity":12,"s:57:6:57:Infinity":22,"s:58:6:58:Infinity":23,"f:58:6:58:16":13,"s:58:24:58:59":24,"f:58:28:58:36":14,"s:58:42:58:59":25,"s:59:6:61:Infinity":26,"f:59:6:59:16":15,"s:60:8:60:74":27,"f:60:12:60:20":16,"s:60:27:60:74":28,"b:60:27:60:52:60:52:60:74":1,"s:66:2:76:Infinity":29}}}
,"/Users/admin/Documents/GitHub/edgeflow/frontend/src/hooks/useSimulation.ts": {"path":"/Users/admin/Documents/GitHub/edgeflow/frontend/src/hooks/useSimulation.ts","statementMap":{"0":{"start":{"line":10,"column":21},"end":{"line":10,"column":60}},"1":{"start":{"line":11,"column":21},"end":{"line":11,"column":53}},"2":{"start":{"line":12,"column":21},"end":{"line":12,"column":53}},"3":{"start":{"line":13,"column":8},"end":{"line":13,"column":57}},"4":{"start":{"line":15,"column":2},"end":{"line":17,"column":null}},"5":{"start":{"line":16,"column":4},"end":{"line":16,"column":null}},"6":{"start":{"line":16,"column":17},"end":{"line":16,"column":48}},"7":{"start":{"line":19,"column":8},"end":{"line":61,"column":15}},"8":{"start":{"line":20,"column":4},"end":{"line":20,"column":null}},"9":{"start":{"line":20,"column":36},"end":{"line":20,"column":null}},"10":{"start":{"line":22,"column":4},"end":{"line":22,"column":null}},"11":{"start":{"line":23,"column":4},"end":{"line":23,"column":null}},"12":{"start":{"line":24,"column":4},"end":{"line":24,"column":null}},"13":{"start":{"line":26,"column":4},"end":{"line":59,"column":null}},"14":{"start":{"line":27,"column":18},"end":{"line":31,"column":8}},"15":{"start":{"line":33,"column":6},"end":{"line":33,"column":null}},"16":{"start":{"line":33,"column":19},"end":{"line":33,"column":null}},"17":{"start":{"line":35,"column":24},"end":{"line":35,"column":40}},"18":{"start":{"line":36,"column":26},"end":{"line":37,"column":null}},"19":{"start":{"line":40,"column":6},"end":{"line":40,"column":null}},"20":{"start":{"line":42,"column":6},"end":{"line":43,"column":null}},"21":{"start":{"line":43,"column":8},"end":{"line":43,"column":null}},"22":{"start":{"line":43,"column":32},"end":{"line":43,"column":49}},"23":{"start":{"line":46,"column":6},"end":{"line":50,"column":null}},"24":{"start":{"line":47,"column":8},"end":{"line":47,"column":null}},"25":{"start":{"line":48,"column":8},"end":{"line":48,"column":null}},"26":{"start":{"line":49,"column":8},"end":{"line":49,"column":null}},"27":{"start":{"line":52,"column":6},"end":{"line":55,"column":null}},"28":{"start":{"line":53,"column":8},"end":{"line":53,"column":null}},"29":{"start":{"line":54,"column":8},"end":{"line":54,"column":null}},"30":{"start":{"line":55,"column":8},"end":{"line":55,"column":null}},"31":{"start":{"line":58,"column":6},"end":{"line":58,"column":null}},"32":{"start":{"line":59,"column":6},"end":{"line":59,"column":null}},"33":{"start":{"line":63,"column":8},"end":{"line":63,"column":59}},"34":{"start":{"line":63,"column":34},"end":{"line":63,"column":54}},"35":{"start":{"line":65,"column":2},"end":{"line":65,"column":null}}},"fnMap":{"0":{"name":"useSimulation","decl":{"start":{"line":9,"column":16},"end":{"line":9,"column":30}},"loc":{"start":{"line":9,"column":58},"end":{"line":65,"column":null}},"line":9},"1":{"name":"(anonymous_1)","decl":{"start":{"line":15,"column":2},"end":{"line":15,"column":18}},"loc":{"start":{"line":15,"column":18},"end":{"line":17,"column":7}},"line":15},"2":{"name":"(anonymous_2)","decl":{"start":{"line":16,"column":4},"end":{"line":16,"column":17}},"loc":{"start":{"line":16,"column":17},"end":{"line":16,"column":48}},"line":16},"3":{"name":"(anonymous_3)","decl":{"start":{"line":19,"column":31},"end":{"line":19,"column":43}},"loc":{"start":{"line":19,"column":43},"end":{"line":61,"column":6}},"line":19},"4":{"name":"(anonymous_4)","decl":{"start":{"line":42,"column":18},"end":{"line":42,"column":31}},"loc":{"start":{"line":42,"column":37},"end":{"line":43,"column":null}},"line":42},"5":{"name":"(anonymous_5)","decl":{"start":{"line":43,"column":8},"end":{"line":43,"column":23}},"loc":{"start":{"line":43,"column":32},"end":{"line":43,"column":49}},"line":43},"6":{"name":"(anonymous_6)","decl":{"start":{"line":46,"column":35},"end":{"line":46,"column":49}},"loc":{"start":{"line":46,"column":49},"end":{"line":50,"column":null}},"line":46},"7":{"name":"(anonymous_7)","decl":{"start":{"line":52,"column":18},"end":{"line":52,"column":34}},"loc":{"start":{"line":52,"column":34},"end":{"line":55,"column":null}},"line":52},"8":{"name":"(anonymous_8)","decl":{"start":{"line":63,"column":16},"end":{"line":63,"column":34}},"loc":{"start":{"line":63,"column":34},"end":{"line":63,"column":54}},"line":63}},"branchMap":{"0":{"loc":{"start":{"line":20,"column":4},"end":{"line":20,"column":null}},"type":"if","locations":[{"start":{"line":20,"column":4},"end":{"line":20,"column":null}},{"start":{},"end":{}}],"line":20},"1":{"loc":{"start":{"line":33,"column":6},"end":{"line":33,"column":null}},"type":"if","locations":[{"start":{"line":33,"column":6},"end":{"line":33,"column":null}},{"start":{},"end":{}}],"line":33}},"s":{"0":22,"1":22,"2":22,"3":22,"4":22,"5":10,"6":1,"7":22,"8":9,"9":1,"10":8,"11":8,"12":8,"13":8,"14":8,"15":8,"16":1,"17":7,"18":7,"19":7,"20":7,"21":2,"22":2,"23":7,"24":1,"25":1,"26":1,"27":7,"28":1,"29":1,"30":1,"31":1,"32":1,"33":22,"34":1,"35":22},"f":{"0":22,"1":10,"2":1,"3":9,"4":2,"5":2,"6":1,"7":1,"8":1},"b":{"0":[1,8],"1":[1,7]},"meta":{"lastBranch":2,"lastFunction":9,"lastStatement":36,"seen":{"f:9:16:9:30":0,"s:10:21:10:60":0,"s:11:21:11:53":1,"s:12:21:12:53":2,"s:13:8:13:57":3,"s:15:2:17:Infinity":4,"f:15:2:15:18":1,"s:16:4:16:Infinity":5,"f:16:4:16:17":2,"s:16:17:16:48":6,"s:19:8:61:15":7,"f:19:31:19:43":3,"b:20:4:20:Infinity:undefined:undefined:undefined:undefined":0,"s:20:4:20:Infinity":8,"s:20:36:20:Infinity":9,"s:22:4:22:Infinity":10,"s:23:4:23:Infinity":11,"s:24:4:24:Infinity":12,"s:26:4:59:Infinity":13,"s:27:18:31:8":14,"b:33:6:33:Infinity:undefined:undefined:undefined:undefined":1,"s:33:6:33:Infinity":15,"s:33:19:33:Infinity":16,"s:35:24:35:40":17,"s:36:26:37:Infinity":18,"s:40:6:40:Infinity":19,"s:42:6:43:Infinity":20,"f:42:18:42:31":4,"s:43:8:43:Infinity":21,"f:43:8:43:23":5,"s:43:32:43:49":22,"s:46:6:50:Infinity":23,"f:46:35:46:49":6,"s:47:8:47:Infinity":24,"s:48:8:48:Infinity":25,"s:49:8:49:Infinity":26,"s:52:6:55:Infinity":27,"f:52:18:52:34":7,"s:53:8:53:Infinity":28,"s:54:8:54:Infinity":29,"s:55:8:55:Infinity":30,"s:58:6:58:Infinity":31,"s:59:6:59:Infinity":32,"s:63:8:63:59":33,"f:63:16:63:34":8,"s:63:34:63:54":34,"s:65:2:65:Infinity":35}}}
}
